dh_prep
dh_installdirs
dh_install
dh_installchangelogs
dh_installdocs
dh_link
dh_compress
dh_fixperms
dh_installdeb
dh_prep
dh_installdirs
dh_install
dh_installchangelogs
dh_installdocs
dh_link
dh_compress
dh_fixperms
dh_installdeb
dh_prep
dh_installdirs
dh_install
dh_installchangelogs
dh_installdocs
dh_link
dh_compress
dh_fixperms
dh_installdeb
dh_prep
dh_installdirs
dh_install
dh_installchangelogs
dh_installdocs
dh_link
dh_compress
dh_fixperms
dh_installdeb
dh_gencontrol
dh_md5sums
dh_builddeb
dh_builddeb
